<?xml version="1.0" encoding="UTF-8"?>
<testng-results ignored="0" total="1" passed="1" failed="0" skipped="0">
  <reporter-output>
  </reporter-output>
  <suite started-at="2025-05-31T13:10:09 IST" name="Default suite" finished-at="2025-05-31T13:10:09 IST" duration-ms="143">
    <groups>
    </groups>
    <test started-at="2025-05-31T13:10:09 IST" name="Default test" finished-at="2025-05-31T13:10:09 IST" duration-ms="143">
      <class name="GitBashPractice.GitBashSampleTest">
        <test-method signature="gitbashTest()[pri:0, instance:GitBashPractice.GitBashSampleTest@69453e37]" started-at="2025-05-31T13:10:09 IST" name="gitbashTest" finished-at="2025-05-31T13:10:09 IST" duration-ms="32" status="PASS">
          <reporter-output>
          </reporter-output>
        </test-method> <!-- gitbashTest -->
      </class> <!-- GitBashPractice.GitBashSampleTest -->
    </test> <!-- Default test -->
  </suite> <!-- Default suite -->
</testng-results>
